#
# There is insufficient memory for the Java Runtime Environment to continue.
# Native memory allocation (mmap) failed to map 132120576 bytes for G1 virtual space
# Possible reasons:
#   The system is out of physical RAM or swap space
#   The process is running with CompressedOops enabled, and the Java Heap may be blocking the growth of the native heap
# Possible solutions:
#   Reduce memory load on the system
#   Increase physical memory or swap space
#   Check if swap backing store is full
#   Decrease Java heap size (-Xmx/-Xms)
#   Decrease number of Java threads
#   Decrease Java thread stack sizes (-Xss)
#   Set larger code cache with -XX:ReservedCodeCacheSize=
#   JVM is running with Unscaled Compressed Oops mode in which the Java heap is
#     placed in the first 4GB address space. The Java Heap base address is the
#     maximum limit for the native heap growth. Please use -XX:HeapBaseMinAddress
#     to set the Java Heap base and to place the Java Heap above 4GB virtual address.
# This output file may be truncated or incomplete.
#
#  Out of Memory Error (os_windows.cpp:3469), pid=8216, tid=11936
#
# JRE version:  (17.0.1+12) (build )
# Java VM: OpenJDK 64-Bit Server VM (17.0.1+12-LTS, mixed mode, sharing, tiered, compressed oops, compressed class ptrs, g1 gc, windows-amd64)
# No core dump will be written. Minidumps are not enabled by default on client versions of Windows
#

---------------  S U M M A R Y ------------

Command Line: -Dfile.encoding=UTF-8 --module-path=D:\2-2\CSE 4402\JavaFX1\build\classes;C:\Program Files\Java\javafx-sdk-17.0.1\lib\javafx-swt.jar;C:\Program Files\Java\javafx-sdk-17.0.1\lib\javafx.base.jar;C:\Program Files\Java\javafx-sdk-17.0.1\lib\javafx.controls.jar;C:\Program Files\Java\javafx-sdk-17.0.1\lib\javafx.fxml.jar;C:\Program Files\Java\javafx-sdk-17.0.1\lib\javafx.graphics.jar;C:\Program Files\Java\javafx-sdk-17.0.1\lib\javafx.media.jar;C:\Program Files\Java\javafx-sdk-17.0.1\lib\javafx.swing.jar;C:\Program Files\Java\javafx-sdk-17.0.1\lib\javafx.web.jar fxmlpackage.JavaNewFXMain

Host: Intel(R) Core(TM) i7-8565U CPU @ 1.80GHz, 8 cores, 7G,  Windows 10 , 64 bit Build 22000 (10.0.22000.434)
Time: Mon Jan 24 18:19:30 2022 Bangladesh Standard Time elapsed time: 0.008878 seconds (0d 0h 0m 0s)

---------------  T H R E A D  ---------------

Current thread (0x00000210e7b3def0):  JavaThread "Unknown thread" [_thread_in_vm, id=11936, stack(0x000000f834700000,0x000000f834800000)]

Stack: [0x000000f834700000,0x000000f834800000]
Native frames: (J=compiled Java code, j=interpreted, Vv=VM code, C=native code)
V  [jvm.dll+0x674d3a]
V  [jvm.dll+0x82ef34]
V  [jvm.dll+0x8306de]
V  [jvm.dll+0x830d43]
V  [jvm.dll+0x245365]
V  [jvm.dll+0x671d59]
V  [jvm.dll+0x666822]
V  [jvm.dll+0x303dbb]
V  [jvm.dll+0x30b2b6]
V  [jvm.dll+0x35b18e]
V  [jvm.dll+0x35b3bf]
V  [jvm.dll+0x2dad68]
V  [jvm.dll+0x2dbcd4]
V  [jvm.dll+0x8008d1]
V  [jvm.dll+0x368f01]
V  [jvm.dll+0x7dfcec]
V  [jvm.dll+0x3eb9cf]
V  [jvm.dll+0x3ed551]
C  [jli.dll+0x527b]
C  [ucrtbase.dll+0x26c0c]
C  [KERNEL32.DLL+0x154e0]
C  [ntdll.dll+0x485b]


---------------  P R O C E S S  ---------------

Threads class SMR info:
_java_thread_list=0x00007ff956746e98, length=0, elements={
}

Java Threads: ( => current thread )

Other Threads:
  0x00000210e7b7efa0 GCTaskThread "GC Thread#0" [stack: 0x000000f834800000,0x000000f834900000] [id=1848]
  0x00000210e7b8f9e0 ConcurrentGCThread "G1 Main Marker" [stack: 0x000000f834900000,0x000000f834a00000] [id=10304]
  0x00000210e7b902f0 ConcurrentGCThread "G1 Conc#0" [stack: 0x000000f834a00000,0x000000f834b00000] [id=20592]

[error occurred during error reporting (printing all threads), id 0xc0000005, EXCEPTION_ACCESS_VIOLATION (0xc0000005) at pc=0x00007ff955f1b797]

VM state: not at safepoint (not fully initialized)

VM Mutex/Monitor currently owned by a thread:  ([mutex/lock_event])
[0x00000210e7b3ae50] Heap_lock - owner thread: 0x00000210e7b3def0

Heap address: 0x0000000082000000, size: 2016 MB, Compressed Oops mode: 32-bit

CDS archive(s) mapped at: [0x0000000000000000-0x0000000000000000-0x0000000000000000), size 0, SharedBaseAddress: 0x0000000800000000, ArchiveRelocationMode: 0.
Narrow klass base: 0x0000000000000000, Narrow klass shift: 0, Narrow klass range: 0x0

GC Precious Log:
<Empty>

Heap:
 garbage-first heap   total 0K, used 0K [0x0000000082000000, 0x0000000100000000)
  region size 1024K, 0 young (0K), 0 survivors (0K)

[error occurred during error reporting (printing heap information), id 0xc0000005, EXCEPTION_ACCESS_VIOLATION (0xc0000005) at pc=0x00007ff9562fe039]

GC Heap History (0 events):
No events

Deoptimization events (0 events):
No events

Classes unloaded (0 events):
No events

Classes redefined (0 events):
No events

Internal exceptions (0 events):
No events

VM Operations (0 events):
No events

Events (1 events):
Event: 0.004 Loaded shared library D:\2-2\CSE 4402\zulu17.30.15-ca-fx-jdk17.0.1-win_x64\bin\java.dll


Dynamic libraries:
0x00007ff7cfae0000 - 0x00007ff7cfaee000 	D:\2-2\CSE 4402\zulu17.30.15-ca-fx-jdk17.0.1-win_x64\bin\java.exe
0x00007ff9c9900000 - 0x00007ff9c9b07000 	C:\Windows\SYSTEM32\ntdll.dll
0x00007ff9c85c0000 - 0x00007ff9c867d000 	C:\Windows\System32\KERNEL32.DLL
0x00007ff9c7420000 - 0x00007ff9c7794000 	C:\Windows\System32\KERNELBASE.dll
0x00007ff9c6f10000 - 0x00007ff9c7021000 	C:\Windows\System32\ucrtbase.dll
0x00007ff99b7a0000 - 0x00007ff99b7b8000 	D:\2-2\CSE 4402\zulu17.30.15-ca-fx-jdk17.0.1-win_x64\bin\jli.dll
0x00007ff99b230000 - 0x00007ff99b24a000 	D:\2-2\CSE 4402\zulu17.30.15-ca-fx-jdk17.0.1-win_x64\bin\VCRUNTIME140.dll
0x00007ff9c77b0000 - 0x00007ff9c795c000 	C:\Windows\System32\USER32.dll
0x00007ff99e150000 - 0x00007ff99e3f5000 	C:\Windows\WinSxS\amd64_microsoft.windows.common-controls_6595b64144ccf1df_6.0.22000.120_none_9d947278b86cc467\COMCTL32.dll
0x00007ff9c6e70000 - 0x00007ff9c6e96000 	C:\Windows\System32\win32u.dll
0x00007ff9c86a0000 - 0x00007ff9c8743000 	C:\Windows\System32\msvcrt.dll
0x00007ff9c7e70000 - 0x00007ff9c7e99000 	C:\Windows\System32\GDI32.dll
0x00007ff9c7190000 - 0x00007ff9c72a2000 	C:\Windows\System32\gdi32full.dll
0x00007ff9c70f0000 - 0x00007ff9c718d000 	C:\Windows\System32\msvcp_win.dll
0x00007ff9c7a00000 - 0x00007ff9c7a31000 	C:\Windows\System32\IMM32.DLL
0x00007ff9ab9b0000 - 0x00007ff9ab9bc000 	D:\2-2\CSE 4402\zulu17.30.15-ca-fx-jdk17.0.1-win_x64\bin\vcruntime140_1.dll
0x00007ff986b90000 - 0x00007ff986c1d000 	D:\2-2\CSE 4402\zulu17.30.15-ca-fx-jdk17.0.1-win_x64\bin\msvcp140.dll
0x00007ff955c30000 - 0x00007ff956878000 	D:\2-2\CSE 4402\zulu17.30.15-ca-fx-jdk17.0.1-win_x64\bin\server\jvm.dll
0x00007ff9c8020000 - 0x00007ff9c80ce000 	C:\Windows\System32\ADVAPI32.dll
0x00007ff9c7960000 - 0x00007ff9c79fe000 	C:\Windows\System32\sechost.dll
0x00007ff9c94a0000 - 0x00007ff9c95c0000 	C:\Windows\System32\RPCRT4.dll
0x00007ff9c85b0000 - 0x00007ff9c85b8000 	C:\Windows\System32\PSAPI.DLL
0x00007ff9a83c0000 - 0x00007ff9a83c9000 	C:\Windows\SYSTEM32\WSOCK32.dll
0x00007ff9c0e10000 - 0x00007ff9c0e43000 	C:\Windows\SYSTEM32\WINMM.dll
0x00007ff9c0040000 - 0x00007ff9c004a000 	C:\Windows\SYSTEM32\VERSION.dll
0x00007ff9c8540000 - 0x00007ff9c85af000 	C:\Windows\System32\WS2_32.dll
0x00007ff9c5ef0000 - 0x00007ff9c5f08000 	C:\Windows\SYSTEM32\kernel.appcore.dll
0x00007ff9aaaf0000 - 0x00007ff9aaafa000 	D:\2-2\CSE 4402\zulu17.30.15-ca-fx-jdk17.0.1-win_x64\bin\jimage.dll
0x00007ff9bb8b0000 - 0x00007ff9bbad1000 	C:\Windows\SYSTEM32\DBGHELP.DLL
0x00007ff9abfb0000 - 0x00007ff9abfe1000 	C:\Windows\SYSTEM32\dbgcore.DLL
0x00007ff9c6df0000 - 0x00007ff9c6e6f000 	C:\Windows\System32\bcryptPrimitives.dll
0x00007ff99b0f0000 - 0x00007ff99b115000 	D:\2-2\CSE 4402\zulu17.30.15-ca-fx-jdk17.0.1-win_x64\bin\java.dll

dbghelp: loaded successfully - version: 4.0.5 - missing functions: none
symbol engine: initialized successfully - sym options: 0x614 - pdb path: .;D:\2-2\CSE 4402\zulu17.30.15-ca-fx-jdk17.0.1-win_x64\bin;C:\Windows\SYSTEM32;C:\Windows\WinSxS\amd64_microsoft.windows.common-controls_6595b64144ccf1df_6.0.22000.120_none_9d947278b86cc467;D:\2-2\CSE 4402\zulu17.30.15-ca-fx-jdk17.0.1-win_x64\bin\server

VM Arguments:
jvm_args: -Dfile.encoding=UTF-8 --module-path=D:\2-2\CSE 4402\JavaFX1\build\classes;C:\Program Files\Java\javafx-sdk-17.0.1\lib\javafx-swt.jar;C:\Program Files\Java\javafx-sdk-17.0.1\lib\javafx.base.jar;C:\Program Files\Java\javafx-sdk-17.0.1\lib\javafx.controls.jar;C:\Program Files\Java\javafx-sdk-17.0.1\lib\javafx.fxml.jar;C:\Program Files\Java\javafx-sdk-17.0.1\lib\javafx.graphics.jar;C:\Program Files\Java\javafx-sdk-17.0.1\lib\javafx.media.jar;C:\Program Files\Java\javafx-sdk-17.0.1\lib\javafx.swing.jar;C:\Program Files\Java\javafx-sdk-17.0.1\lib\javafx.web.jar 
java_command: fxmlpackage.JavaNewFXMain
java_class_path (initial): C:\Program Files\Java\javafx-sdk-17.0.1\lib\javafx-swt.jar;C:\Program Files\Java\javafx-sdk-17.0.1\lib\javafx.base.jar;C:\Program Files\Java\javafx-sdk-17.0.1\lib\javafx.controls.jar;C:\Program Files\Java\javafx-sdk-17.0.1\lib\javafx.fxml.jar;C:\Program Files\Java\javafx-sdk-17.0.1\lib\javafx.graphics.jar;C:\Program Files\Java\javafx-sdk-17.0.1\lib\javafx.media.jar;C:\Program Files\Java\javafx-sdk-17.0.1\lib\javafx.swing.jar;C:\Program Files\Java\javafx-sdk-17.0.1\lib\javafx.web.jar;H:\mysql-connector-java-8.0.28\mysql-connector-java-8.0.28.jar;D:\2-2\CSE 4402\JavaFX1\build\classes
Launcher Type: SUN_STANDARD

[Global flags]
     intx CICompilerCount                          = 4                                         {product} {ergonomic}
     uint ConcGCThreads                            = 2                                         {product} {ergonomic}
     uint G1ConcRefinementThreads                  = 8                                         {product} {ergonomic}
   size_t G1HeapRegionSize                         = 1048576                                   {product} {ergonomic}
    uintx GCDrainStackTargetSize                   = 64                                        {product} {ergonomic}
   size_t InitialHeapSize                          = 132120576                                 {product} {ergonomic}
   size_t MarkStackSize                            = 4194304                                   {product} {ergonomic}
   size_t MaxHeapSize                              = 2113929216                                {product} {ergonomic}
   size_t MinHeapDeltaBytes                        = 1048576                                   {product} {ergonomic}
   size_t MinHeapSize                              = 8388608                                   {product} {ergonomic}
    uintx NonNMethodCodeHeapSize                   = 5839372                                {pd product} {ergonomic}
    uintx NonProfiledCodeHeapSize                  = 122909434                              {pd product} {ergonomic}
    uintx ProfiledCodeHeapSize                     = 122909434                              {pd product} {ergonomic}
    uintx ReservedCodeCacheSize                    = 251658240                              {pd product} {ergonomic}
     bool SegmentedCodeCache                       = true                                      {product} {ergonomic}
   size_t SoftMaxHeapSize                          = 2113929216                             {manageable} {ergonomic}
     bool UseCompressedClassPointers               = true                           {product lp64_product} {ergonomic}
     bool UseCompressedOops                        = true                           {product lp64_product} {ergonomic}
     bool UseG1GC                                  = true                                      {product} {ergonomic}
     bool UseLargePagesIndividualAllocation        = false                                  {pd product} {ergonomic}

Logging:
Log output configuration:
 #0: stdout all=warning uptime,level,tags
 #1: stderr all=off uptime,level,tags

Environment Variables:
PATH=C:\Program Files\Common Files\Oracle\Java\javapath;C:\Users\HP\Downloads\WINDOWS.X64_193000_db_home\bin;C:\Program Files\Microsoft\jdk-11.0.12.7-hotspot\bin;C:\Windows\system32;C:\Windows;C:\Windows\System32\Wbem;C:\Windows\System32\WindowsPowerShell\v1.0\;C:\Windows\System32\OpenSSH\;C:\Program Files\dotnet\;C:\Program Files (x86)\Calibre2\;C:\Users\HP\AppData\Local\Microsoft\WindowsApps;C:\Users\HP\.dotnet\tools
USERNAME=HP
OS=Windows_NT
PROCESSOR_IDENTIFIER=Intel64 Family 6 Model 142 Stepping 11, GenuineIntel



---------------  S Y S T E M  ---------------

OS:
 Windows 10 , 64 bit Build 22000 (10.0.22000.434)
OS uptime: 9 days 11:56 hours

CPU: total 8 (initial active 8) (4 cores per cpu, 2 threads per core) family 6 model 142 stepping 11 microcode 0xde, cx8, cmov, fxsr, ht, mmx, 3dnowpref, sse, sse2, sse3, ssse3, sse4.1, sse4.2, popcnt, lzcnt, tsc, tscinvbit, avx, avx2, aes, erms, clmul, bmi1, bmi2, adx, fma, vzeroupper, clflush, clflushopt

Memory: 4k page, system-wide physical 8062M (576M free)
TotalPageFile size 22294M (AvailPageFile size 102M)
current process WorkingSet (physical memory assigned to process): 10M, peak: 10M
current process commit charge ("private bytes"): 60M, peak: 186M

vm_info: OpenJDK 64-Bit Server VM (17.0.1+12-LTS) for windows-amd64 JRE (17.0.1+12-LTS) (Zulu17.30+15-CA), built on Oct 20 2021 15:39:19 by "zulu_re" with MS VC++ 16.8 (VS2019)

END.
